<?xml version="1.0" encoding="UTF-8"?>
<testsuite name="com.example.listycity.CityListTest" tests="6" skipped="0" failures="0" errors="0" timestamp="2026-03-04T16:22:29.461Z" hostname="MAHA" time="0.006">
  <properties/>
  <testcase name="testAddException" classname="com.example.listycity.CityListTest" time="0.004"/>
  <testcase name="testAdd" classname="com.example.listycity.CityListTest" time="0.001"/>
  <testcase name="testHasCity" classname="com.example.listycity.CityListTest" time="0.0"/>
  <testcase name="testCountCities" classname="com.example.listycity.CityListTest" time="0.0"/>
  <testcase name="testGetCities" classname="com.example.listycity.CityListTest" time="0.001"/>
  <testcase name="testDeleteCity" classname="com.example.listycity.CityListTest" time="0.0"/>
  <system-out><![CDATA[]]></system-out>
  <system-err><![CDATA[]]></system-err>
</testsuite>
